-------------------------------------------------------------------------------
Test set: com.europoint.exchangerates.ExchangeRatesTest$createExchangeRateList
-------------------------------------------------------------------------------
Tests run: 3, Failures: 0, Errors: 3, Skipped: 0, Time elapsed: 0.318 s <<< FAILURE! - in com.europoint.exchangerates.ExchangeRatesTest$createExchangeRateList
com.europoint.exchangerates.ExchangeRatesTest$createExchangeRateList.createNewClient  Time elapsed: 0.041 s  <<< ERROR!
java.net.ConnectException: Connection refused: connect
	at com.europoint.exchangerates.ExchangeRatesTest$createExchangeRateList.createNewClient(ExchangeRatesTest.java:489)

com.europoint.exchangerates.ExchangeRatesTest$createExchangeRateList.createNewContributor  Time elapsed: 0.158 s  <<< ERROR!
java.net.ConnectException: Connection refused: connect
	at com.europoint.exchangerates.ExchangeRatesTest$createExchangeRateList.createNewContributor(ExchangeRatesTest.java:505)

com.europoint.exchangerates.ExchangeRatesTest$createExchangeRateList.createNewExchangeRateList  Time elapsed: 0.069 s  <<< ERROR!
java.net.ConnectException: Connection refused: connect
	at com.europoint.exchangerates.ExchangeRatesTest$createExchangeRateList.createNewExchangeRateList(ExchangeRatesTest.java:565)

