<?xml version="1.0" encoding="UTF-8"?>
<testsuite xmlns:xsi="http://www.w3.org/2001/XMLSchema-instance" xsi:noNamespaceSchemaLocation="https://maven.apache.org/surefire/maven-surefire-plugin/xsd/surefire-test-report-3.0.xsd" version="3.0" name="com.europoint.exchangerates.ExchangeRatesTest$createExchangeRateListVersion" time="0.261" tests="7" errors="7" skipped="0" failures="0">
  <properties>
[...]
</properties>
  <testcase name="createNewClient" classname="com.europoint.exchangerates.ExchangeRatesTest$createExchangeRateListVersion" time="0.063">
    <error type="java.net.ConnectException"><![CDATA[java.net.ConnectException: Connection refused: connect
	at com.europoint.exchangerates.ExchangeRatesTest$createExchangeRateListVersion.createNewClient(ExchangeRatesTest.java:261)
]]></error>
    <system-out><![CDATA[Headers:		MasterAgentId=a28577a5-5924-4d7b-9ea0-53117831e08c
				UserId=7aade182-434a-43b8-9dee-fab93f080ac6
				Accept=*/*
				Content-Type=application/json
Body:
{
    "id": "79422cd7-c808-4631-a273-45c1a108e998",
    "name": "Tenfore",
    "parentClientId": "1944e4d5-b4c4-4576-aef5-1da40c10b7ef",
    "permissions": [
        
    ]
}
]]></system-out>
    <system-err><![CDATA[[2023-11-22 13:00:58.037] - 19436 INFO [main] --- org.springframework.test.context.support.AnnotationConfigContextLoaderUtils: Could not detect default configuration classes for test class [com.europoint.exchangerates.ExchangeRatesTest$createExchangeRateListVersion]: createExchangeRateListVersion does not declare any static, non-private, non-final, nested classes annotated with @Configuration.
[2023-11-22 13:00:58.044] - 19436 INFO [main] --- org.springframework.boot.test.context.SpringBootTestContextBootstrapper: Found @SpringBootConfiguration com.europoint.exchangerates.ExchangeRatesApplication for test class com.europoint.exchangerates.ExchangeRatesTest$createExchangeRateListVersion
]]></system-err>
  </testcase>
  <testcase name="createNewContributor" classname="com.europoint.exchangerates.ExchangeRatesTest$createExchangeRateListVersion" time="0.037">
    <error type="java.net.ConnectException"><![CDATA[java.net.ConnectException: Connection refused: connect
	at com.europoint.exchangerates.ExchangeRatesTest$createExchangeRateListVersion.createNewContributor(ExchangeRatesTest.java:277)
]]></error>
    <system-out><![CDATA[Headers:		MasterAgentId=a28577a5-5924-4d7b-9ea0-53117831e08c
				UserId=7aade182-434a-43b8-9dee-fab93f080ac6
				Accept=*/*
Body:			<none>
]]></system-out>
  </testcase>
  <testcase name="createNewExchangeRateList" classname="com.europoint.exchangerates.ExchangeRatesTest$createExchangeRateListVersion" time="0.035">
    <error type="java.net.ConnectException"><![CDATA[java.net.ConnectException: Connection refused: connect
	at com.europoint.exchangerates.ExchangeRatesTest$createExchangeRateListVersion.createNewExchangeRateList(ExchangeRatesTest.java:337)
]]></error>
    <system-out><![CDATA[Headers:		MasterAgentId=a28577a5-5924-4d7b-9ea0-53117831e08c
				UserId=7aade182-434a-43b8-9dee-fab93f080ac6
				Accept=*/*
				Content-Type=application/json
Body:
{
    "id": "ff24ade3-1bab-4d10-861c-f06a168bdba8",
    "contributorId": "b97298cf-d3f7-411f-8718-7edb4f77e9ce",
    "exchangeRateListTypeId": "6a65d348-b21f-4790-8ad7-2633bc4fa91c",
    "referenceCurrencyCode": "RSD",
    "name": "NBS Redovna"
}
]]></system-out>
  </testcase>
  <testcase name="createNewExchangeRateListVersion" classname="com.europoint.exchangerates.ExchangeRatesTest$createExchangeRateListVersion" time="0.019">
    <error type="java.net.ConnectException"><![CDATA[java.net.ConnectException: Connection refused: connect
	at com.europoint.exchangerates.ExchangeRatesTest$createExchangeRateListVersion.createNewExchangeRateListVersion(ExchangeRatesTest.java:354)
]]></error>
    <system-out><![CDATA[Headers:		MasterAgentId=a28577a5-5924-4d7b-9ea0-53117831e08c
				UserId=7aade182-434a-43b8-9dee-fab93f080ac6
				Accept=*/*
Body:			<none>
]]></system-out>
  </testcase>
  <testcase name="findExchangeRateListVersionById" classname="com.europoint.exchangerates.ExchangeRatesTest$createExchangeRateListVersion" time="0.018">
    <error type="java.net.ConnectException"><![CDATA[java.net.ConnectException: Connection refused: connect
	at com.europoint.exchangerates.ExchangeRatesTest$createExchangeRateListVersion.findExchangeRateListVersionById(ExchangeRatesTest.java:411)
]]></error>
    <system-out><![CDATA[Body:
{"exchangeRateListVersionId":null}
]]></system-out>
  </testcase>
  <testcase name="findAllVersionsForExchangeRateListId" classname="com.europoint.exchangerates.ExchangeRatesTest$createExchangeRateListVersion" time="0.017">
    <error type="java.net.ConnectException"><![CDATA[java.net.ConnectException: Connection refused: connect
	at com.europoint.exchangerates.ExchangeRatesTest$createExchangeRateListVersion.findAllVersionsForExchangeRateListId(ExchangeRatesTest.java:428)
]]></error>
    <system-out><![CDATA[Body:
{"exchangeRateListId":null}
]]></system-out>
  </testcase>
  <testcase name="findActiveVersionsForExchangeRateListId" classname="com.europoint.exchangerates.ExchangeRatesTest$createExchangeRateListVersion" time="0.02">
    <error type="java.net.ConnectException"><![CDATA[java.net.ConnectException: Connection refused: connect
	at com.europoint.exchangerates.ExchangeRatesTest$createExchangeRateListVersion.findActiveVersionsForExchangeRateListId(ExchangeRatesTest.java:445)
]]></error>
    <system-out><![CDATA[Body:
{"exchangeRateListId":null}
]]></system-out>
  </testcase>
</testsuite>